{"C:\\Users\\danil\\Documents\\CRUD js\\utils.js": {"path":"C:\\Users\\danil\\Documents\\CRUD js\\utils.js","statementMap":{"0":{"start":{"line":2,"column":4},"end":{"line":2,"column":73}},"1":{"start":{"line":2,"column":42},"end":{"line":2,"column":71}},"2":{"start":{"line":6,"column":4},"end":{"line":6,"column":67}},"3":{"start":{"line":6,"column":40},"end":{"line":6,"column":65}},"4":{"start":{"line":10,"column":4},"end":{"line":12,"column":5}},"5":{"start":{"line":10,"column":16},"end":{"line":10,"column":17}},"6":{"start":{"line":11,"column":8},"end":{"line":11,"column":62}},"7":{"start":{"line":13,"column":4},"end":{"line":13,"column":23}},"8":{"start":{"line":17,"column":29},"end":{"line":17,"column":51}},"9":{"start":{"line":18,"column":4},"end":{"line":20,"column":5}},"10":{"start":{"line":19,"column":8},"end":{"line":19,"column":19}},"11":{"start":{"line":21,"column":4},"end":{"line":21,"column":17}},"12":{"start":{"line":25,"column":29},"end":{"line":25,"column":31}},"13":{"start":{"line":26,"column":4},"end":{"line":28,"column":5}},"14":{"start":{"line":26,"column":16},"end":{"line":26,"column":33}},"15":{"start":{"line":27,"column":8},"end":{"line":27,"column":48}},"16":{"start":{"line":29,"column":4},"end":{"line":29,"column":30}},"17":{"start":{"line":32,"column":0},"end":{"line":38,"column":1}}},"fnMap":{"0":{"name":"apenasPares","decl":{"start":{"line":1,"column":9},"end":{"line":1,"column":20}},"loc":{"start":{"line":1,"column":34},"end":{"line":3,"column":1}},"line":1},"1":{"name":"(anonymous_1)","decl":{"start":{"line":2,"column":31},"end":{"line":2,"column":32}},"loc":{"start":{"line":2,"column":42},"end":{"line":2,"column":71}},"line":2},"2":{"name":"apenasImpares","decl":{"start":{"line":5,"column":9},"end":{"line":5,"column":22}},"loc":{"start":{"line":5,"column":36},"end":{"line":7,"column":1}},"line":5},"3":{"name":"(anonymous_3)","decl":{"start":{"line":6,"column":31},"end":{"line":6,"column":32}},"loc":{"start":{"line":6,"column":40},"end":{"line":6,"column":65}},"line":6},"4":{"name":"retornaFibonacci","decl":{"start":{"line":9,"column":9},"end":{"line":9,"column":25}},"loc":{"start":{"line":9,"column":39},"end":{"line":14,"column":1}},"line":9},"5":{"name":"verificaPalindromo","decl":{"start":{"line":16,"column":9},"end":{"line":16,"column":27}},"loc":{"start":{"line":16,"column":36},"end":{"line":22,"column":1}},"line":16},"6":{"name":"inverteString","decl":{"start":{"line":24,"column":9},"end":{"line":24,"column":22}},"loc":{"start":{"line":24,"column":31},"end":{"line":30,"column":1}},"line":24}},"branchMap":{"0":{"loc":{"start":{"line":2,"column":42},"end":{"line":2,"column":71}},"type":"cond-expr","locations":[{"start":{"line":2,"column":60},"end":{"line":2,"column":64}},{"start":{"line":2,"column":66},"end":{"line":2,"column":71}}],"line":2},"1":{"loc":{"start":{"line":6,"column":40},"end":{"line":6,"column":65}},"type":"cond-expr","locations":[{"start":{"line":6,"column":53},"end":{"line":6,"column":57}},{"start":{"line":6,"column":60},"end":{"line":6,"column":65}}],"line":6},"2":{"loc":{"start":{"line":18,"column":4},"end":{"line":20,"column":5}},"type":"if","locations":[{"start":{"line":18,"column":4},"end":{"line":20,"column":5}},{"start":{},"end":{}}],"line":18}},"s":{"0":1,"1":11,"2":0,"3":0,"4":1,"5":1,"6":8,"7":1,"8":1,"9":1,"10":1,"11":0,"12":1,"13":1,"14":1,"15":5,"16":1,"17":1},"f":{"0":1,"1":11,"2":0,"3":0,"4":1,"5":1,"6":1},"b":{"0":[6,5],"1":[0,0],"2":[1,0]},"_coverageSchema":"1a1c01bbd47fc00a2c39e90264f33305004495a9","hash":"dc01d9f42c29cf6375c63c1b80dd8474a29aa4a9"}
}
