TN:
SF:utils.js
FN:1,apenasPares
FN:2,(anonymous_1)
FN:5,apenasImpares
FN:6,(anonymous_3)
FN:9,retornaFibonacci
FN:16,verificaPalindromo
FN:24,inverteString
FNF:7
FNH:5
FNDA:1,apenasPares
FNDA:11,(anonymous_1)
FNDA:0,apenasImpares
FNDA:0,(anonymous_3)
FNDA:1,retornaFibonacci
FNDA:1,verificaPalindromo
FNDA:1,inverteString
DA:2,11
DA:6,0
DA:10,1
DA:11,8
DA:13,1
DA:17,1
DA:18,1
DA:19,1
DA:21,0
DA:25,1
DA:26,1
DA:27,5
DA:29,1
DA:32,1
LF:14
LH:12
BRDA:2,0,0,6
BRDA:2,0,1,5
BRDA:6,1,0,0
BRDA:6,1,1,0
BRDA:18,2,0,1
BRDA:18,2,1,0
BRF:6
BRH:3
end_of_record
